e:\cygwin_64\home\ray\project\cpre_557_2016_xz\homework_4\hw4_program.dir\debug\vc140.pdb
e:\cygwin_64\home\ray\project\cpre_557_2016_xz\homework_4\hw4_program.dir\debug\shaderfileutils.obj
e:\cygwin_64\home\ray\project\cpre_557_2016_xz\homework_4\hw4_program.dir\debug\imgloader.obj
e:\cygwin_64\home\ray\project\cpre_557_2016_xz\homework_4\hw4_program.dir\debug\coordsystem.obj
e:\cygwin_64\home\ray\project\cpre_557_2016_xz\homework_4\hw4_program.dir\debug\hci557common.obj
e:\cygwin_64\home\ray\project\cpre_557_2016_xz\homework_4\hw4_program.dir\debug\controls.obj
e:\cygwin_64\home\ray\project\cpre_557_2016_xz\homework_4\hw4_program.dir\debug\hw4_main.obj
e:\cygwin_64\home\ray\project\cpre_557_2016_xz\homework_4\cmakefiles\generate.stamp
e:\cygwin_64\home\ray\project\cpre_557_2016_xz\homework_4\debug\hw4_program.ilk
e:\cygwin_64\home\ray\project\cpre_557_2016_xz\homework_4\debug\hw4_program.exe
e:\cygwin_64\home\ray\project\cpre_557_2016_xz\homework_4\debug\hw4_program.pdb
e:\cygwin_64\home\ray\project\cpre_557_2016_xz\homework_4\hw4_program.dir\debug\hw4_program.tlog\cl.command.1.tlog
e:\cygwin_64\home\ray\project\cpre_557_2016_xz\homework_4\hw4_program.dir\debug\hw4_program.tlog\cl.read.1.tlog
e:\cygwin_64\home\ray\project\cpre_557_2016_xz\homework_4\hw4_program.dir\debug\hw4_program.tlog\cl.write.1.tlog
e:\cygwin_64\home\ray\project\cpre_557_2016_xz\homework_4\hw4_program.dir\debug\hw4_program.tlog\custombuild.command.1.tlog
e:\cygwin_64\home\ray\project\cpre_557_2016_xz\homework_4\hw4_program.dir\debug\hw4_program.tlog\custombuild.read.1.tlog
e:\cygwin_64\home\ray\project\cpre_557_2016_xz\homework_4\hw4_program.dir\debug\hw4_program.tlog\custombuild.write.1.tlog
e:\cygwin_64\home\ray\project\cpre_557_2016_xz\homework_4\hw4_program.dir\debug\hw4_program.tlog\link.command.1.tlog
e:\cygwin_64\home\ray\project\cpre_557_2016_xz\homework_4\hw4_program.dir\debug\hw4_program.tlog\link.read.1.tlog
e:\cygwin_64\home\ray\project\cpre_557_2016_xz\homework_4\hw4_program.dir\debug\hw4_program.tlog\link.write.1.tlog
